  Bullet.cpp
C:\Users\arkad\Documents\DEADSHOT FILES\C++ Programs\SFML\TESTS\Iosmetric_Shooting\Iosmetric_Shooting\Bullet.cpp(16,32): warning C4305: 'argument': truncation from 'double' to 'float'
  Camera.cpp
C:\Users\arkad\Documents\DEADSHOT FILES\C++ Programs\SFML\TESTS\Iosmetric_Shooting\Iosmetric_Shooting\Camera.cpp(11,13): warning C4244: 'initializing': conversion from 'double' to 'float', possible loss of data
  Enemy.cpp
C:\Users\arkad\Documents\DEADSHOT FILES\C++ Programs\SFML\TESTS\Iosmetric_Shooting\Iosmetric_Shooting\Weapons.h(17,25): warning C4305: 'argument': truncation from 'double' to 'T'
          with
          [
              T=float
          ]
  EnemyManager.cpp
C:\Users\arkad\Documents\DEADSHOT FILES\C++ Programs\SFML\TESTS\Iosmetric_Shooting\Iosmetric_Shooting\Weapons.h(17,25): warning C4305: 'argument': truncation from 'double' to 'T'
          with
          [
              T=float
          ]
C:\Users\arkad\Documents\DEADSHOT FILES\C++ Programs\SFML\TESTS\Iosmetric_Shooting\Iosmetric_Shooting\EnemyManager.h(20,25): warning C4305: 'argument': truncation from 'double' to 'T'
          with
          [
              T=float
          ]
C:\Users\arkad\Documents\DEADSHOT FILES\C++ Programs\SFML\TESTS\Iosmetric_Shooting\Iosmetric_Shooting\EnemyManager.cpp(11,63): warning C4244: 'argument': conversion from 'int' to 'float', possible loss of data
C:\Users\arkad\Documents\DEADSHOT FILES\C++ Programs\SFML\TESTS\Iosmetric_Shooting\Iosmetric_Shooting\EnemyManager.cpp(11,43): warning C4244: 'argument': conversion from 'int' to 'float', possible loss of data
C:\Users\arkad\Documents\DEADSHOT FILES\C++ Programs\SFML\TESTS\Iosmetric_Shooting\Iosmetric_Shooting\EnemyManager.cpp(22,26): warning C4244: 'argument': conversion from 'int' to 'T', possible loss of data
          with
          [
              T=float
          ]
C:\Users\arkad\Documents\DEADSHOT FILES\C++ Programs\SFML\TESTS\Iosmetric_Shooting\Iosmetric_Shooting\EnemyManager.cpp(22,23): warning C4244: 'argument': conversion from 'int' to 'T', possible loss of data
          with
          [
              T=float
          ]
C:\Users\arkad\Documents\DEADSHOT FILES\C++ Programs\SFML\TESTS\Iosmetric_Shooting\Iosmetric_Shooting\EnemyManager.cpp(36,19): warning C4244: '=': conversion from 'double' to 'float', possible loss of data
C:\Users\arkad\Documents\DEADSHOT FILES\C++ Programs\SFML\TESTS\Iosmetric_Shooting\Iosmetric_Shooting\EnemyManager.cpp(74,14): warning C4244: 'initializing': conversion from 'double' to 'float', possible loss of data
C:\Users\arkad\Documents\DEADSHOT FILES\C++ Programs\SFML\TESTS\Iosmetric_Shooting\Iosmetric_Shooting\EnemyManager.cpp(89,57): warning C4244: 'argument': conversion from 'int' to 'float', possible loss of data
C:\Users\arkad\Documents\DEADSHOT FILES\C++ Programs\SFML\TESTS\Iosmetric_Shooting\Iosmetric_Shooting\EnemyManager.cpp(89,37): warning C4244: 'argument': conversion from 'int' to 'float', possible loss of data
C:\Users\arkad\Documents\DEADSHOT FILES\C++ Programs\SFML\TESTS\Iosmetric_Shooting\Iosmetric_Shooting\EnemyManager.cpp(106,57): warning C4244: 'argument': conversion from 'int' to 'float', possible loss of data
C:\Users\arkad\Documents\DEADSHOT FILES\C++ Programs\SFML\TESTS\Iosmetric_Shooting\Iosmetric_Shooting\EnemyManager.cpp(106,37): warning C4244: 'argument': conversion from 'int' to 'float', possible loss of data
C:\Users\arkad\Documents\DEADSHOT FILES\C++ Programs\SFML\TESTS\Iosmetric_Shooting\Iosmetric_Shooting\EnemyManager.cpp(118,15): warning C4244: 'initializing': conversion from 'T' to 'int', possible loss of data
          with
          [
              T=float
          ]
C:\Users\arkad\Documents\DEADSHOT FILES\C++ Programs\SFML\TESTS\Iosmetric_Shooting\Iosmetric_Shooting\EnemyManager.cpp(119,16): warning C4244: 'initializing': conversion from 'T' to 'int', possible loss of data
          with
          [
              T=float
          ]
C:\Users\arkad\Documents\DEADSHOT FILES\C++ Programs\SFML\TESTS\Iosmetric_Shooting\Iosmetric_Shooting\EnemyManager.cpp(120,13): warning C4244: 'initializing': conversion from 'T' to 'int', possible loss of data
          with
          [
              T=float
          ]
C:\Users\arkad\Documents\DEADSHOT FILES\C++ Programs\SFML\TESTS\Iosmetric_Shooting\Iosmetric_Shooting\EnemyManager.cpp(121,15): warning C4244: 'initializing': conversion from 'T' to 'int', possible loss of data
          with
          [
              T=float
          ]
C:\Users\arkad\Documents\DEADSHOT FILES\C++ Programs\SFML\TESTS\Iosmetric_Shooting\Iosmetric_Shooting\EnemyManager.cpp(135,25): warning C4244: '=': conversion from 'double' to 'float', possible loss of data
  Map.cpp
C:\Users\arkad\Documents\DEADSHOT FILES\C++ Programs\SFML\TESTS\Iosmetric_Shooting\Iosmetric_Shooting\Weapons.h(17,25): warning C4305: 'argument': truncation from 'double' to 'T'
          with
          [
              T=float
          ]
C:\Users\arkad\Documents\DEADSHOT FILES\C++ Programs\SFML\TESTS\Iosmetric_Shooting\Iosmetric_Shooting\EnemyManager.h(20,25): warning C4305: 'argument': truncation from 'double' to 'T'
          with
          [
              T=float
          ]
C:\Users\arkad\Documents\DEADSHOT FILES\C++ Programs\SFML\TESTS\Iosmetric_Shooting\Iosmetric_Shooting\Player.h(24,25): warning C4305: 'argument': truncation from 'double' to 'T'
          with
          [
              T=float
          ]
C:\Users\arkad\Documents\DEADSHOT FILES\C++ Programs\SFML\TESTS\Iosmetric_Shooting\Iosmetric_Shooting\Map.cpp(40,15): warning C4244: 'initializing': conversion from 'T' to 'int', possible loss of data
          with
          [
              T=float
          ]
C:\Users\arkad\Documents\DEADSHOT FILES\C++ Programs\SFML\TESTS\Iosmetric_Shooting\Iosmetric_Shooting\Map.cpp(41,13): warning C4244: 'initializing': conversion from 'T' to 'int', possible loss of data
          with
          [
              T=float
          ]
C:\Users\arkad\Documents\DEADSHOT FILES\C++ Programs\SFML\TESTS\Iosmetric_Shooting\Iosmetric_Shooting\Map.cpp(54,16): warning C4244: 'initializing': conversion from 'double' to 'float', possible loss of data
C:\Users\arkad\Documents\DEADSHOT FILES\C++ Programs\SFML\TESTS\Iosmetric_Shooting\Iosmetric_Shooting\Map.cpp(59,29): warning C4244: 'argument': conversion from 'int' to 'float', possible loss of data
C:\Users\arkad\Documents\DEADSHOT FILES\C++ Programs\SFML\TESTS\Iosmetric_Shooting\Iosmetric_Shooting\Map.cpp(59,26): warning C4244: 'argument': conversion from 'int' to 'float', possible loss of data
C:\Users\arkad\Documents\DEADSHOT FILES\C++ Programs\SFML\TESTS\Iosmetric_Shooting\Iosmetric_Shooting\Map.cpp(78,84): warning C4244: 'argument': conversion from 'T' to 'T', possible loss of data
          with
          [
              T=float
          ]
          and
          [
              T=int
          ]
C:\Users\arkad\Documents\DEADSHOT FILES\C++ Programs\SFML\TESTS\Iosmetric_Shooting\Iosmetric_Shooting\Map.cpp(78,56): warning C4244: 'argument': conversion from 'T' to 'T', possible loss of data
          with
          [
              T=float
          ]
          and
          [
              T=int
          ]
C:\Users\arkad\Documents\DEADSHOT FILES\C++ Programs\SFML\TESTS\Iosmetric_Shooting\Iosmetric_Shooting\Map.cpp(160,15): warning C4244: 'initializing': conversion from 'T' to 'int', possible loss of data
          with
          [
              T=float
          ]
C:\Users\arkad\Documents\DEADSHOT FILES\C++ Programs\SFML\TESTS\Iosmetric_Shooting\Iosmetric_Shooting\Map.cpp(161,16): warning C4244: 'initializing': conversion from 'T' to 'int', possible loss of data
          with
          [
              T=float
          ]
C:\Users\arkad\Documents\DEADSHOT FILES\C++ Programs\SFML\TESTS\Iosmetric_Shooting\Iosmetric_Shooting\Map.cpp(162,13): warning C4244: 'initializing': conversion from 'T' to 'int', possible loss of data
          with
          [
              T=float
          ]
C:\Users\arkad\Documents\DEADSHOT FILES\C++ Programs\SFML\TESTS\Iosmetric_Shooting\Iosmetric_Shooting\Map.cpp(163,15): warning C4244: 'initializing': conversion from 'T' to 'int', possible loss of data
          with
          [
              T=float
          ]
  Player.cpp
C:\Users\arkad\Documents\DEADSHOT FILES\C++ Programs\SFML\TESTS\Iosmetric_Shooting\Iosmetric_Shooting\Weapons.h(17,25): warning C4305: 'argument': truncation from 'double' to 'T'
          with
          [
              T=float
          ]
C:\Users\arkad\Documents\DEADSHOT FILES\C++ Programs\SFML\TESTS\Iosmetric_Shooting\Iosmetric_Shooting\EnemyManager.h(20,25): warning C4305: 'argument': truncation from 'double' to 'T'
          with
          [
              T=float
          ]
C:\Users\arkad\Documents\DEADSHOT FILES\C++ Programs\SFML\TESTS\Iosmetric_Shooting\Iosmetric_Shooting\Player.h(24,25): warning C4305: 'argument': truncation from 'double' to 'T'
          with
          [
              T=float
          ]
C:\Users\arkad\Documents\DEADSHOT FILES\C++ Programs\SFML\TESTS\Iosmetric_Shooting\Iosmetric_Shooting\Player.cpp(16,58): warning C4244: 'argument': conversion from 'int' to 'float', possible loss of data
C:\Users\arkad\Documents\DEADSHOT FILES\C++ Programs\SFML\TESTS\Iosmetric_Shooting\Iosmetric_Shooting\Player.cpp(16,38): warning C4244: 'argument': conversion from 'int' to 'float', possible loss of data
C:\Users\arkad\Documents\DEADSHOT FILES\C++ Programs\SFML\TESTS\Iosmetric_Shooting\Iosmetric_Shooting\Player.cpp(22,58): warning C4244: 'argument': conversion from 'int' to 'float', possible loss of data
C:\Users\arkad\Documents\DEADSHOT FILES\C++ Programs\SFML\TESTS\Iosmetric_Shooting\Iosmetric_Shooting\Player.cpp(22,38): warning C4244: 'argument': conversion from 'int' to 'float', possible loss of data
C:\Users\arkad\Documents\DEADSHOT FILES\C++ Programs\SFML\TESTS\Iosmetric_Shooting\Iosmetric_Shooting\Player.cpp(29,59): warning C4244: 'argument': conversion from 'int' to 'float', possible loss of data
C:\Users\arkad\Documents\DEADSHOT FILES\C++ Programs\SFML\TESTS\Iosmetric_Shooting\Iosmetric_Shooting\Player.cpp(29,39): warning C4244: 'argument': conversion from 'int' to 'float', possible loss of data
C:\Users\arkad\Documents\DEADSHOT FILES\C++ Programs\SFML\TESTS\Iosmetric_Shooting\Iosmetric_Shooting\Player.cpp(54,16): warning C4244: '=': conversion from 'double' to 'float', possible loss of data
C:\Users\arkad\Documents\DEADSHOT FILES\C++ Programs\SFML\TESTS\Iosmetric_Shooting\Iosmetric_Shooting\Player.cpp(125,59): warning C4244: 'argument': conversion from 'int' to 'float', possible loss of data
C:\Users\arkad\Documents\DEADSHOT FILES\C++ Programs\SFML\TESTS\Iosmetric_Shooting\Iosmetric_Shooting\Player.cpp(125,39): warning C4244: 'argument': conversion from 'int' to 'float', possible loss of data
C:\Users\arkad\Documents\DEADSHOT FILES\C++ Programs\SFML\TESTS\Iosmetric_Shooting\Iosmetric_Shooting\Player.cpp(145,59): warning C4244: 'argument': conversion from 'int' to 'float', possible loss of data
C:\Users\arkad\Documents\DEADSHOT FILES\C++ Programs\SFML\TESTS\Iosmetric_Shooting\Iosmetric_Shooting\Player.cpp(145,39): warning C4244: 'argument': conversion from 'int' to 'float', possible loss of data
C:\Users\arkad\Documents\DEADSHOT FILES\C++ Programs\SFML\TESTS\Iosmetric_Shooting\Iosmetric_Shooting\Player.cpp(167,60): warning C4244: 'argument': conversion from 'int' to 'float', possible loss of data
C:\Users\arkad\Documents\DEADSHOT FILES\C++ Programs\SFML\TESTS\Iosmetric_Shooting\Iosmetric_Shooting\Player.cpp(167,40): warning C4244: 'argument': conversion from 'int' to 'float', possible loss of data
  Weapons.cpp
C:\Users\arkad\Documents\DEADSHOT FILES\C++ Programs\SFML\TESTS\Iosmetric_Shooting\Iosmetric_Shooting\Weapons.h(17,25): warning C4305: 'argument': truncation from 'double' to 'T'
          with
          [
              T=float
          ]
C:\Users\arkad\Documents\DEADSHOT FILES\C++ Programs\SFML\TESTS\Iosmetric_Shooting\Iosmetric_Shooting\Weapons.cpp(50,15): warning C4244: 'initializing': conversion from 'T' to 'int', possible loss of data
          with
          [
              T=float
          ]
C:\Users\arkad\Documents\DEADSHOT FILES\C++ Programs\SFML\TESTS\Iosmetric_Shooting\Iosmetric_Shooting\Weapons.cpp(51,16): warning C4244: 'initializing': conversion from 'T' to 'int', possible loss of data
          with
          [
              T=float
          ]
C:\Users\arkad\Documents\DEADSHOT FILES\C++ Programs\SFML\TESTS\Iosmetric_Shooting\Iosmetric_Shooting\Weapons.cpp(52,13): warning C4244: 'initializing': conversion from 'T' to 'int', possible loss of data
          with
          [
              T=float
          ]
C:\Users\arkad\Documents\DEADSHOT FILES\C++ Programs\SFML\TESTS\Iosmetric_Shooting\Iosmetric_Shooting\Weapons.cpp(53,15): warning C4244: 'initializing': conversion from 'T' to 'int', possible loss of data
          with
          [
              T=float
          ]
  main.cpp
C:\Users\arkad\Documents\DEADSHOT FILES\C++ Programs\SFML\TESTS\Iosmetric_Shooting\Iosmetric_Shooting\Weapons.h(17,25): warning C4305: 'argument': truncation from 'double' to 'T'
          with
          [
              T=float
          ]
C:\Users\arkad\Documents\DEADSHOT FILES\C++ Programs\SFML\TESTS\Iosmetric_Shooting\Iosmetric_Shooting\EnemyManager.h(20,25): warning C4305: 'argument': truncation from 'double' to 'T'
          with
          [
              T=float
          ]
C:\Users\arkad\Documents\DEADSHOT FILES\C++ Programs\SFML\TESTS\Iosmetric_Shooting\Iosmetric_Shooting\Player.h(24,25): warning C4305: 'argument': truncation from 'double' to 'T'
          with
          [
              T=float
          ]
C:\Users\arkad\Documents\DEADSHOT FILES\C++ Programs\SFML\TESTS\Iosmetric_Shooting\Iosmetric_Shooting\main.cpp(10,64): warning C4244: 'argument': conversion from 'T' to 'unsigned int', possible loss of data
          with
          [
              T=float
          ]
C:\Users\arkad\Documents\DEADSHOT FILES\C++ Programs\SFML\TESTS\Iosmetric_Shooting\Iosmetric_Shooting\main.cpp(10,50): warning C4244: 'argument': conversion from 'T' to 'unsigned int', possible loss of data
          with
          [
              T=float
          ]
C:\Users\arkad\Documents\DEADSHOT FILES\C++ Programs\SFML\TESTS\Iosmetric_Shooting\Iosmetric_Shooting\main.cpp(21,9): warning C4930: 'Bullet b(void)': prototyped function not called (was a variable definition intended?)
  Generating Code...
  Iosmetric_Shooting.vcxproj -> C:\Users\arkad\Documents\DEADSHOT FILES\C++ Programs\SFML\TESTS\Iosmetric_Shooting\Debug\Iosmetric_Shooting.exe
