  Bullet.cpp
  Camera.cpp
C:\Users\arkad\Documents\DEADSHOT FILES\C++ Programs\SFML\TESTS\Iosmetric_Shooting\Iosmetric_Shooting\Camera.cpp(11,13): warning C4244: 'initializing': conversion from 'double' to 'float', possible loss of data
  Enemy.cpp
C:\Users\arkad\Documents\DEADSHOT FILES\C++ Programs\SFML\TESTS\Iosmetric_Shooting\Iosmetric_Shooting\Weapons.h(17,25): warning C4305: 'argument': truncation from 'double' to 'T'
          with
          [
              T=float
          ]
  EnemyManager.cpp
C:\Users\arkad\Documents\DEADSHOT FILES\C++ Programs\SFML\TESTS\Iosmetric_Shooting\Iosmetric_Shooting\Weapons.h(17,25): warning C4305: 'argument': truncation from 'double' to 'T'
          with
          [
              T=float
          ]
C:\Users\arkad\Documents\DEADSHOT FILES\C++ Programs\SFML\TESTS\Iosmetric_Shooting\Iosmetric_Shooting\EnemyManager.h(20,25): warning C4305: 'argument': truncation from 'double' to 'T'
          with
          [
              T=float
          ]
C:\Users\arkad\Documents\DEADSHOT FILES\C++ Programs\SFML\TESTS\Iosmetric_Shooting\Iosmetric_Shooting\EnemyManager.cpp(11,63): warning C4244: 'argument': conversion from 'int' to 'float', possible loss of data
C:\Users\arkad\Documents\DEADSHOT FILES\C++ Programs\SFML\TESTS\Iosmetric_Shooting\Iosmetric_Shooting\EnemyManager.cpp(11,43): warning C4244: 'argument': conversion from 'int' to 'float', possible loss of data
C:\Users\arkad\Documents\DEADSHOT FILES\C++ Programs\SFML\TESTS\Iosmetric_Shooting\Iosmetric_Shooting\EnemyManager.cpp(22,26): warning C4244: 'argument': conversion from 'int' to 'T', possible loss of data
          with
          [
              T=float
          ]
C:\Users\arkad\Documents\DEADSHOT FILES\C++ Programs\SFML\TESTS\Iosmetric_Shooting\Iosmetric_Shooting\EnemyManager.cpp(22,23): warning C4244: 'argument': conversion from 'int' to 'T', possible loss of data
          with
          [
              T=float
          ]
C:\Users\arkad\Documents\DEADSHOT FILES\C++ Programs\SFML\TESTS\Iosmetric_Shooting\Iosmetric_Shooting\EnemyManager.cpp(36,19): warning C4244: '=': conversion from 'double' to 'float', possible loss of data
C:\Users\arkad\Documents\DEADSHOT FILES\C++ Programs\SFML\TESTS\Iosmetric_Shooting\Iosmetric_Shooting\EnemyManager.cpp(55,32): warning C4267: '=': conversion from 'size_t' to 'int', possible loss of data
C:\Users\arkad\Documents\DEADSHOT FILES\C++ Programs\SFML\TESTS\Iosmetric_Shooting\Iosmetric_Shooting\EnemyManager.cpp(74,14): warning C4244: 'initializing': conversion from 'double' to 'float', possible loss of data
C:\Users\arkad\Documents\DEADSHOT FILES\C++ Programs\SFML\TESTS\Iosmetric_Shooting\Iosmetric_Shooting\EnemyManager.cpp(89,57): warning C4244: 'argument': conversion from 'int' to 'float', possible loss of data
C:\Users\arkad\Documents\DEADSHOT FILES\C++ Programs\SFML\TESTS\Iosmetric_Shooting\Iosmetric_Shooting\EnemyManager.cpp(89,37): warning C4244: 'argument': conversion from 'int' to 'float', possible loss of data
C:\Users\arkad\Documents\DEADSHOT FILES\C++ Programs\SFML\TESTS\Iosmetric_Shooting\Iosmetric_Shooting\EnemyManager.cpp(106,57): warning C4244: 'argument': conversion from 'int' to 'float', possible loss of data
C:\Users\arkad\Documents\DEADSHOT FILES\C++ Programs\SFML\TESTS\Iosmetric_Shooting\Iosmetric_Shooting\EnemyManager.cpp(106,37): warning C4244: 'argument': conversion from 'int' to 'float', possible loss of data
C:\Users\arkad\Documents\DEADSHOT FILES\C++ Programs\SFML\TESTS\Iosmetric_Shooting\Iosmetric_Shooting\EnemyManager.cpp(118,15): warning C4244: 'initializing': conversion from 'T' to 'int', possible loss of data
          with
          [
              T=float
          ]
C:\Users\arkad\Documents\DEADSHOT FILES\C++ Programs\SFML\TESTS\Iosmetric_Shooting\Iosmetric_Shooting\EnemyManager.cpp(119,16): warning C4244: 'initializing': conversion from 'T' to 'int', possible loss of data
          with
          [
              T=float
          ]
C:\Users\arkad\Documents\DEADSHOT FILES\C++ Programs\SFML\TESTS\Iosmetric_Shooting\Iosmetric_Shooting\EnemyManager.cpp(120,13): warning C4244: 'initializing': conversion from 'T' to 'int', possible loss of data
          with
          [
              T=float
          ]
C:\Users\arkad\Documents\DEADSHOT FILES\C++ Programs\SFML\TESTS\Iosmetric_Shooting\Iosmetric_Shooting\EnemyManager.cpp(121,15): warning C4244: 'initializing': conversion from 'T' to 'int', possible loss of data
          with
          [
              T=float
          ]
C:\Users\arkad\Documents\DEADSHOT FILES\C++ Programs\SFML\TESTS\Iosmetric_Shooting\Iosmetric_Shooting\EnemyManager.cpp(135,25): warning C4244: '=': conversion from 'double' to 'float', possible loss of data
  main.cpp
C:\Users\arkad\Documents\DEADSHOT FILES\C++ Programs\SFML\TESTS\Iosmetric_Shooting\Iosmetric_Shooting\Weapons.h(17,25): warning C4305: 'argument': truncation from 'double' to 'T'
          with
          [
              T=float
          ]
C:\Users\arkad\Documents\DEADSHOT FILES\C++ Programs\SFML\TESTS\Iosmetric_Shooting\Iosmetric_Shooting\EnemyManager.h(20,25): warning C4305: 'argument': truncation from 'double' to 'T'
          with
          [
              T=float
          ]
C:\Users\arkad\Documents\DEADSHOT FILES\C++ Programs\SFML\TESTS\Iosmetric_Shooting\Iosmetric_Shooting\Player.h(24,25): warning C4305: 'argument': truncation from 'double' to 'T'
          with
          [
              T=float
          ]
C:\Users\arkad\Documents\DEADSHOT FILES\C++ Programs\SFML\TESTS\Iosmetric_Shooting\Iosmetric_Shooting\Map.h(10,25): warning C4305: 'argument': truncation from 'double' to 'T'
          with
          [
              T=float
          ]
C:\Users\arkad\Documents\DEADSHOT FILES\C++ Programs\SFML\TESTS\Iosmetric_Shooting\Iosmetric_Shooting\main.cpp(10,64): warning C4244: 'argument': conversion from 'T' to 'unsigned int', possible loss of data
          with
          [
              T=float
          ]
C:\Users\arkad\Documents\DEADSHOT FILES\C++ Programs\SFML\TESTS\Iosmetric_Shooting\Iosmetric_Shooting\main.cpp(10,50): warning C4244: 'argument': conversion from 'T' to 'unsigned int', possible loss of data
          with
          [
              T=float
          ]
  Map.cpp
C:\Users\arkad\Documents\DEADSHOT FILES\C++ Programs\SFML\TESTS\Iosmetric_Shooting\Iosmetric_Shooting\Weapons.h(17,25): warning C4305: 'argument': truncation from 'double' to 'T'
          with
          [
              T=float
          ]
C:\Users\arkad\Documents\DEADSHOT FILES\C++ Programs\SFML\TESTS\Iosmetric_Shooting\Iosmetric_Shooting\EnemyManager.h(20,25): warning C4305: 'argument': truncation from 'double' to 'T'
          with
          [
              T=float
          ]
C:\Users\arkad\Documents\DEADSHOT FILES\C++ Programs\SFML\TESTS\Iosmetric_Shooting\Iosmetric_Shooting\Player.h(24,25): warning C4305: 'argument': truncation from 'double' to 'T'
          with
          [
              T=float
          ]
C:\Users\arkad\Documents\DEADSHOT FILES\C++ Programs\SFML\TESTS\Iosmetric_Shooting\Iosmetric_Shooting\Map.h(10,25): warning C4305: 'argument': truncation from 'double' to 'T'
          with
          [
              T=float
          ]
C:\Users\arkad\Documents\DEADSHOT FILES\C++ Programs\SFML\TESTS\Iosmetric_Shooting\Iosmetric_Shooting\Map.cpp(31,15): warning C4244: 'initializing': conversion from 'T' to 'int', possible loss of data
          with
          [
              T=float
          ]
C:\Users\arkad\Documents\DEADSHOT FILES\C++ Programs\SFML\TESTS\Iosmetric_Shooting\Iosmetric_Shooting\Map.cpp(32,16): warning C4244: 'initializing': conversion from 'T' to 'int', possible loss of data
          with
          [
              T=float
          ]
C:\Users\arkad\Documents\DEADSHOT FILES\C++ Programs\SFML\TESTS\Iosmetric_Shooting\Iosmetric_Shooting\Map.cpp(33,13): warning C4244: 'initializing': conversion from 'T' to 'int', possible loss of data
          with
          [
              T=float
          ]
C:\Users\arkad\Documents\DEADSHOT FILES\C++ Programs\SFML\TESTS\Iosmetric_Shooting\Iosmetric_Shooting\Map.cpp(34,15): warning C4244: 'initializing': conversion from 'T' to 'int', possible loss of data
          with
          [
              T=float
          ]
  Player.cpp
C:\Users\arkad\Documents\DEADSHOT FILES\C++ Programs\SFML\TESTS\Iosmetric_Shooting\Iosmetric_Shooting\Weapons.h(17,25): warning C4305: 'argument': truncation from 'double' to 'T'
          with
          [
              T=float
          ]
C:\Users\arkad\Documents\DEADSHOT FILES\C++ Programs\SFML\TESTS\Iosmetric_Shooting\Iosmetric_Shooting\EnemyManager.h(20,25): warning C4305: 'argument': truncation from 'double' to 'T'
          with
          [
              T=float
          ]
C:\Users\arkad\Documents\DEADSHOT FILES\C++ Programs\SFML\TESTS\Iosmetric_Shooting\Iosmetric_Shooting\Player.h(24,25): warning C4305: 'argument': truncation from 'double' to 'T'
          with
          [
              T=float
          ]
C:\Users\arkad\Documents\DEADSHOT FILES\C++ Programs\SFML\TESTS\Iosmetric_Shooting\Iosmetric_Shooting\Player.cpp(16,58): warning C4244: 'argument': conversion from 'int' to 'float', possible loss of data
C:\Users\arkad\Documents\DEADSHOT FILES\C++ Programs\SFML\TESTS\Iosmetric_Shooting\Iosmetric_Shooting\Player.cpp(16,38): warning C4244: 'argument': conversion from 'int' to 'float', possible loss of data
C:\Users\arkad\Documents\DEADSHOT FILES\C++ Programs\SFML\TESTS\Iosmetric_Shooting\Iosmetric_Shooting\Player.cpp(22,58): warning C4244: 'argument': conversion from 'int' to 'float', possible loss of data
C:\Users\arkad\Documents\DEADSHOT FILES\C++ Programs\SFML\TESTS\Iosmetric_Shooting\Iosmetric_Shooting\Player.cpp(22,38): warning C4244: 'argument': conversion from 'int' to 'float', possible loss of data
C:\Users\arkad\Documents\DEADSHOT FILES\C++ Programs\SFML\TESTS\Iosmetric_Shooting\Iosmetric_Shooting\Player.cpp(29,59): warning C4244: 'argument': conversion from 'int' to 'float', possible loss of data
C:\Users\arkad\Documents\DEADSHOT FILES\C++ Programs\SFML\TESTS\Iosmetric_Shooting\Iosmetric_Shooting\Player.cpp(29,39): warning C4244: 'argument': conversion from 'int' to 'float', possible loss of data
C:\Users\arkad\Documents\DEADSHOT FILES\C++ Programs\SFML\TESTS\Iosmetric_Shooting\Iosmetric_Shooting\Player.cpp(54,16): warning C4244: '=': conversion from 'double' to 'float', possible loss of data
C:\Users\arkad\Documents\DEADSHOT FILES\C++ Programs\SFML\TESTS\Iosmetric_Shooting\Iosmetric_Shooting\Player.cpp(115,59): warning C4244: 'argument': conversion from 'int' to 'float', possible loss of data
C:\Users\arkad\Documents\DEADSHOT FILES\C++ Programs\SFML\TESTS\Iosmetric_Shooting\Iosmetric_Shooting\Player.cpp(115,39): warning C4244: 'argument': conversion from 'int' to 'float', possible loss of data
C:\Users\arkad\Documents\DEADSHOT FILES\C++ Programs\SFML\TESTS\Iosmetric_Shooting\Iosmetric_Shooting\Player.cpp(135,59): warning C4244: 'argument': conversion from 'int' to 'float', possible loss of data
C:\Users\arkad\Documents\DEADSHOT FILES\C++ Programs\SFML\TESTS\Iosmetric_Shooting\Iosmetric_Shooting\Player.cpp(135,39): warning C4244: 'argument': conversion from 'int' to 'float', possible loss of data
C:\Users\arkad\Documents\DEADSHOT FILES\C++ Programs\SFML\TESTS\Iosmetric_Shooting\Iosmetric_Shooting\Player.cpp(157,60): warning C4244: 'argument': conversion from 'int' to 'float', possible loss of data
C:\Users\arkad\Documents\DEADSHOT FILES\C++ Programs\SFML\TESTS\Iosmetric_Shooting\Iosmetric_Shooting\Player.cpp(157,40): warning C4244: 'argument': conversion from 'int' to 'float', possible loss of data
  Weapons.cpp
C:\Users\arkad\Documents\DEADSHOT FILES\C++ Programs\SFML\TESTS\Iosmetric_Shooting\Iosmetric_Shooting\Weapons.h(17,25): warning C4305: 'argument': truncation from 'double' to 'T'
          with
          [
              T=float
          ]
C:\Users\arkad\Documents\DEADSHOT FILES\C++ Programs\SFML\TESTS\Iosmetric_Shooting\Iosmetric_Shooting\Weapons.cpp(50,15): warning C4244: 'initializing': conversion from 'T' to 'int', possible loss of data
          with
          [
              T=float
          ]
C:\Users\arkad\Documents\DEADSHOT FILES\C++ Programs\SFML\TESTS\Iosmetric_Shooting\Iosmetric_Shooting\Weapons.cpp(51,16): warning C4244: 'initializing': conversion from 'T' to 'int', possible loss of data
          with
          [
              T=float
          ]
C:\Users\arkad\Documents\DEADSHOT FILES\C++ Programs\SFML\TESTS\Iosmetric_Shooting\Iosmetric_Shooting\Weapons.cpp(52,13): warning C4244: 'initializing': conversion from 'T' to 'int', possible loss of data
          with
          [
              T=float
          ]
C:\Users\arkad\Documents\DEADSHOT FILES\C++ Programs\SFML\TESTS\Iosmetric_Shooting\Iosmetric_Shooting\Weapons.cpp(53,15): warning C4244: 'initializing': conversion from 'T' to 'int', possible loss of data
          with
          [
              T=float
          ]
  Generating Code...
Bullet.obj : error LNK2019: unresolved external symbol "__declspec(dllimport) public: void __cdecl sf::Transformable::setPosition(class sf::Vector2<float> const &)" (__imp_?setPosition@Transformable@sf@@QEAAXAEBV?$Vector2@M@2@@Z) referenced in function "public: __cdecl Bullet::Bullet(class sf::Vector2<float>)" (??0Bullet@@QEAA@V?$Vector2@M@sf@@@Z)
Enemy.obj : error LNK2001: unresolved external symbol "__declspec(dllimport) public: void __cdecl sf::Transformable::setPosition(class sf::Vector2<float> const &)" (__imp_?setPosition@Transformable@sf@@QEAAXAEBV?$Vector2@M@2@@Z)
EnemyManager.obj : error LNK2001: unresolved external symbol "__declspec(dllimport) public: void __cdecl sf::Transformable::setPosition(class sf::Vector2<float> const &)" (__imp_?setPosition@Transformable@sf@@QEAAXAEBV?$Vector2@M@2@@Z)
Player.obj : error LNK2001: unresolved external symbol "__declspec(dllimport) public: void __cdecl sf::Transformable::setPosition(class sf::Vector2<float> const &)" (__imp_?setPosition@Transformable@sf@@QEAAXAEBV?$Vector2@M@2@@Z)
Bullet.obj : error LNK2019: unresolved external symbol "__declspec(dllimport) public: void __cdecl sf::Transformable::move(float,float)" (__imp_?move@Transformable@sf@@QEAAXMM@Z) referenced in function "public: void __cdecl Bullet::update(float)" (?update@Bullet@@QEAAXM@Z)
Bullet.obj : error LNK2019: unresolved external symbol "__declspec(dllimport) public: void __cdecl sf::Shape::setFillColor(class sf::Color const &)" (__imp_?setFillColor@Shape@sf@@QEAAXAEBVColor@2@@Z) referenced in function "public: __cdecl Bullet::Bullet(class sf::Vector2<float>)" (??0Bullet@@QEAA@V?$Vector2@M@sf@@@Z)
Player.obj : error LNK2001: unresolved external symbol "__declspec(dllimport) public: void __cdecl sf::Shape::setFillColor(class sf::Color const &)" (__imp_?setFillColor@Shape@sf@@QEAAXAEBVColor@2@@Z)
Bullet.obj : error LNK2019: unresolved external symbol "__declspec(dllimport) public: __cdecl sf::RectangleShape::RectangleShape(class sf::Vector2<float> const &)" (__imp_??0RectangleShape@sf@@QEAA@AEBV?$Vector2@M@1@@Z) referenced in function "public: __cdecl Entity::Entity(void)" (??0Entity@@QEAA@XZ)
Enemy.obj : error LNK2001: unresolved external symbol "__declspec(dllimport) public: __cdecl sf::RectangleShape::RectangleShape(class sf::Vector2<float> const &)" (__imp_??0RectangleShape@sf@@QEAA@AEBV?$Vector2@M@1@@Z)
Player.obj : error LNK2001: unresolved external symbol "__declspec(dllimport) public: __cdecl sf::RectangleShape::RectangleShape(class sf::Vector2<float> const &)" (__imp_??0RectangleShape@sf@@QEAA@AEBV?$Vector2@M@1@@Z)
Bullet.obj : error LNK2019: unresolved external symbol "__declspec(dllimport) public: void __cdecl sf::RectangleShape::setSize(class sf::Vector2<float> const &)" (__imp_?setSize@RectangleShape@sf@@QEAAXAEBV?$Vector2@M@2@@Z) referenced in function "public: __cdecl Bullet::Bullet(class sf::Vector2<float>)" (??0Bullet@@QEAA@V?$Vector2@M@sf@@@Z)
Enemy.obj : error LNK2001: unresolved external symbol "__declspec(dllimport) public: void __cdecl sf::RectangleShape::setSize(class sf::Vector2<float> const &)" (__imp_?setSize@RectangleShape@sf@@QEAAXAEBV?$Vector2@M@2@@Z)
Player.obj : error LNK2001: unresolved external symbol "__declspec(dllimport) public: void __cdecl sf::RectangleShape::setSize(class sf::Vector2<float> const &)" (__imp_?setSize@RectangleShape@sf@@QEAAXAEBV?$Vector2@M@2@@Z)
Player.obj : error LNK2001: unresolved external symbol "__declspec(dllimport) public: virtual __cdecl sf::RectangleShape::~RectangleShape(void)" (__imp_??1RectangleShape@sf@@UEAA@XZ)
Weapons.obj : error LNK2001: unresolved external symbol "__declspec(dllimport) public: virtual __cdecl sf::RectangleShape::~RectangleShape(void)" (__imp_??1RectangleShape@sf@@UEAA@XZ)
Bullet.obj : error LNK2001: unresolved external symbol "__declspec(dllimport) public: virtual __cdecl sf::RectangleShape::~RectangleShape(void)" (__imp_??1RectangleShape@sf@@UEAA@XZ)
Enemy.obj : error LNK2001: unresolved external symbol "__declspec(dllimport) public: virtual __cdecl sf::RectangleShape::~RectangleShape(void)" (__imp_??1RectangleShape@sf@@UEAA@XZ)
EnemyManager.obj : error LNK2001: unresolved external symbol "__declspec(dllimport) public: virtual __cdecl sf::RectangleShape::~RectangleShape(void)" (__imp_??1RectangleShape@sf@@UEAA@XZ)
main.obj : error LNK2001: unresolved external symbol "__declspec(dllimport) public: virtual __cdecl sf::RectangleShape::~RectangleShape(void)" (__imp_??1RectangleShape@sf@@UEAA@XZ)
Weapons.obj : error LNK2001: unresolved external symbol "public: virtual unsigned __int64 __cdecl sf::RectangleShape::getPointCount(void)const " (?getPointCount@RectangleShape@sf@@UEBA_KXZ)
Bullet.obj : error LNK2001: unresolved external symbol "public: virtual unsigned __int64 __cdecl sf::RectangleShape::getPointCount(void)const " (?getPointCount@RectangleShape@sf@@UEBA_KXZ)
Enemy.obj : error LNK2001: unresolved external symbol "public: virtual unsigned __int64 __cdecl sf::RectangleShape::getPointCount(void)const " (?getPointCount@RectangleShape@sf@@UEBA_KXZ)
EnemyManager.obj : error LNK2001: unresolved external symbol "public: virtual unsigned __int64 __cdecl sf::RectangleShape::getPointCount(void)const " (?getPointCount@RectangleShape@sf@@UEBA_KXZ)
Player.obj : error LNK2001: unresolved external symbol "public: virtual unsigned __int64 __cdecl sf::RectangleShape::getPointCount(void)const " (?getPointCount@RectangleShape@sf@@UEBA_KXZ)
Weapons.obj : error LNK2001: unresolved external symbol "public: virtual class sf::Vector2<float> __cdecl sf::RectangleShape::getPoint(unsigned __int64)const " (?getPoint@RectangleShape@sf@@UEBA?AV?$Vector2@M@2@_K@Z)
Bullet.obj : error LNK2001: unresolved external symbol "public: virtual class sf::Vector2<float> __cdecl sf::RectangleShape::getPoint(unsigned __int64)const " (?getPoint@RectangleShape@sf@@UEBA?AV?$Vector2@M@2@_K@Z)
Enemy.obj : error LNK2001: unresolved external symbol "public: virtual class sf::Vector2<float> __cdecl sf::RectangleShape::getPoint(unsigned __int64)const " (?getPoint@RectangleShape@sf@@UEBA?AV?$Vector2@M@2@_K@Z)
EnemyManager.obj : error LNK2001: unresolved external symbol "public: virtual class sf::Vector2<float> __cdecl sf::RectangleShape::getPoint(unsigned __int64)const " (?getPoint@RectangleShape@sf@@UEBA?AV?$Vector2@M@2@_K@Z)
Player.obj : error LNK2001: unresolved external symbol "public: virtual class sf::Vector2<float> __cdecl sf::RectangleShape::getPoint(unsigned __int64)const " (?getPoint@RectangleShape@sf@@UEBA?AV?$Vector2@M@2@_K@Z)
Weapons.obj : error LNK2001: unresolved external symbol "private: virtual void __cdecl sf::Shape::draw(class sf::RenderTarget &,class sf::RenderStates)const " (?draw@Shape@sf@@EEBAXAEAVRenderTarget@2@VRenderStates@2@@Z)
Bullet.obj : error LNK2001: unresolved external symbol "private: virtual void __cdecl sf::Shape::draw(class sf::RenderTarget &,class sf::RenderStates)const " (?draw@Shape@sf@@EEBAXAEAVRenderTarget@2@VRenderStates@2@@Z)
Enemy.obj : error LNK2001: unresolved external symbol "private: virtual void __cdecl sf::Shape::draw(class sf::RenderTarget &,class sf::RenderStates)const " (?draw@Shape@sf@@EEBAXAEAVRenderTarget@2@VRenderStates@2@@Z)
EnemyManager.obj : error LNK2001: unresolved external symbol "private: virtual void __cdecl sf::Shape::draw(class sf::RenderTarget &,class sf::RenderStates)const " (?draw@Shape@sf@@EEBAXAEAVRenderTarget@2@VRenderStates@2@@Z)
Player.obj : error LNK2001: unresolved external symbol "private: virtual void __cdecl sf::Shape::draw(class sf::RenderTarget &,class sf::RenderStates)const " (?draw@Shape@sf@@EEBAXAEAVRenderTarget@2@VRenderStates@2@@Z)
Bullet.obj : error LNK2019: unresolved external symbol "__declspec(dllimport) public: static class sf::Color const sf::Color::Red" (__imp_?Red@Color@sf@@2V12@B) referenced in function "public: __cdecl Bullet::Bullet(class sf::Vector2<float>)" (??0Bullet@@QEAA@V?$Vector2@M@sf@@@Z)
Player.obj : error LNK2001: unresolved external symbol "__declspec(dllimport) public: static class sf::Color const sf::Color::Red" (__imp_?Red@Color@sf@@2V12@B)
Camera.obj : error LNK2019: unresolved external symbol "__declspec(dllimport) public: __cdecl sf::View::View(void)" (__imp_??0View@sf@@QEAA@XZ) referenced in function "public: __cdecl Camera::Camera(class sf::Vector2<float>)" (??0Camera@@QEAA@V?$Vector2@M@sf@@@Z)
Camera.obj : error LNK2019: unresolved external symbol "__declspec(dllimport) public: void __cdecl sf::View::setSize(class sf::Vector2<float> const &)" (__imp_?setSize@View@sf@@QEAAXAEBV?$Vector2@M@2@@Z) referenced in function "public: __cdecl Camera::Camera(class sf::Vector2<float>)" (??0Camera@@QEAA@V?$Vector2@M@sf@@@Z)
Camera.obj : error LNK2019: unresolved external symbol "__declspec(dllimport) public: class sf::Vector2<float> const & __cdecl sf::View::getCenter(void)const " (__imp_?getCenter@View@sf@@QEBAAEBV?$Vector2@M@2@XZ) referenced in function "public: void __cdecl Camera::update(class sf::Vector2<float>,class sf::RenderWindow &,float)" (?update@Camera@@QEAAXV?$Vector2@M@sf@@AEAVRenderWindow@3@M@Z)
EnemyManager.obj : error LNK2001: unresolved external symbol "__declspec(dllimport) public: class sf::Vector2<float> const & __cdecl sf::View::getCenter(void)const " (__imp_?getCenter@View@sf@@QEBAAEBV?$Vector2@M@2@XZ)
Map.obj : error LNK2001: unresolved external symbol "__declspec(dllimport) public: class sf::Vector2<float> const & __cdecl sf::View::getCenter(void)const " (__imp_?getCenter@View@sf@@QEBAAEBV?$Vector2@M@2@XZ)
Weapons.obj : error LNK2001: unresolved external symbol "__declspec(dllimport) public: class sf::Vector2<float> const & __cdecl sf::View::getCenter(void)const " (__imp_?getCenter@View@sf@@QEBAAEBV?$Vector2@M@2@XZ)
Camera.obj : error LNK2019: unresolved external symbol "__declspec(dllimport) public: void __cdecl sf::View::move(float,float)" (__imp_?move@View@sf@@QEAAXMM@Z) referenced in function "public: void __cdecl Camera::update(class sf::Vector2<float>,class sf::RenderWindow &,float)" (?update@Camera@@QEAAXV?$Vector2@M@sf@@AEAVRenderWindow@3@M@Z)
Camera.obj : error LNK2019: unresolved external symbol "__declspec(dllimport) public: void __cdecl sf::RenderTarget::setView(class sf::View const &)" (__imp_?setView@RenderTarget@sf@@QEAAXAEBVView@2@@Z) referenced in function "public: void __cdecl Camera::update(class sf::Vector2<float>,class sf::RenderWindow &,float)" (?update@Camera@@QEAAXV?$Vector2@M@sf@@AEAVRenderWindow@3@M@Z)
Enemy.obj : error LNK2019: unresolved external symbol "__declspec(dllimport) public: void __cdecl sf::Transformable::setOrigin(float,float)" (__imp_?setOrigin@Transformable@sf@@QEAAXMM@Z) referenced in function "public: __cdecl Enemy::Enemy(class sf::Vector2<float>,class sf::Vector2<float>,class sf::Sprite)" (??0Enemy@@QEAA@V?$Vector2@M@sf@@0VSprite@2@@Z)
EnemyManager.obj : error LNK2001: unresolved external symbol "__declspec(dllimport) public: void __cdecl sf::Transformable::setOrigin(float,float)" (__imp_?setOrigin@Transformable@sf@@QEAAXMM@Z)
Player.obj : error LNK2001: unresolved external symbol "__declspec(dllimport) public: void __cdecl sf::Transformable::setOrigin(float,float)" (__imp_?setOrigin@Transformable@sf@@QEAAXMM@Z)
Weapons.obj : error LNK2001: unresolved external symbol "__declspec(dllimport) public: void __cdecl sf::Transformable::setOrigin(float,float)" (__imp_?setOrigin@Transformable@sf@@QEAAXMM@Z)
Player.obj : error LNK2001: unresolved external symbol "__declspec(dllimport) public: class sf::Vector2<float> const & __cdecl sf::Transformable::getPosition(void)const " (__imp_?getPosition@Transformable@sf@@QEBAAEBV?$Vector2@M@2@XZ)
Weapons.obj : error LNK2001: unresolved external symbol "__declspec(dllimport) public: class sf::Vector2<float> const & __cdecl sf::Transformable::getPosition(void)const " (__imp_?getPosition@Transformable@sf@@QEBAAEBV?$Vector2@M@2@XZ)
Enemy.obj : error LNK2001: unresolved external symbol "__declspec(dllimport) public: class sf::Vector2<float> const & __cdecl sf::Transformable::getPosition(void)const " (__imp_?getPosition@Transformable@sf@@QEBAAEBV?$Vector2@M@2@XZ)
EnemyManager.obj : error LNK2001: unresolved external symbol "__declspec(dllimport) public: class sf::Vector2<float> const & __cdecl sf::Transformable::getPosition(void)const " (__imp_?getPosition@Transformable@sf@@QEBAAEBV?$Vector2@M@2@XZ)
main.obj : error LNK2001: unresolved external symbol "__declspec(dllimport) public: class sf::Vector2<float> const & __cdecl sf::Transformable::getPosition(void)const " (__imp_?getPosition@Transformable@sf@@QEBAAEBV?$Vector2@M@2@XZ)
Map.obj : error LNK2001: unresolved external symbol "__declspec(dllimport) public: class sf::Vector2<float> const & __cdecl sf::Transformable::getPosition(void)const " (__imp_?getPosition@Transformable@sf@@QEBAAEBV?$Vector2@M@2@XZ)
Enemy.obj : error LNK2019: unresolved external symbol "__declspec(dllimport) public: class sf::Rect<float> __cdecl sf::Shape::getGlobalBounds(void)const " (__imp_?getGlobalBounds@Shape@sf@@QEBA?AV?$Rect@M@2@XZ) referenced in function "public: bool __cdecl Entity::isColliding(class Entity &)" (?isColliding@Entity@@QEAA_NAEAV1@@Z)
Player.obj : error LNK2001: unresolved external symbol "__declspec(dllimport) public: class sf::Rect<float> __cdecl sf::Shape::getGlobalBounds(void)const " (__imp_?getGlobalBounds@Shape@sf@@QEBA?AV?$Rect@M@2@XZ)
Enemy.obj : error LNK2019: unresolved external symbol "__declspec(dllimport) public: class sf::Vector2<float> const & __cdecl sf::RectangleShape::getSize(void)const " (__imp_?getSize@RectangleShape@sf@@QEBAAEBV?$Vector2@M@2@XZ) referenced in function "public: __cdecl Enemy::Enemy(class sf::Vector2<float>,class sf::Vector2<float>,class sf::Sprite)" (??0Enemy@@QEAA@V?$Vector2@M@sf@@0VSprite@2@@Z)
Player.obj : error LNK2001: unresolved external symbol "__declspec(dllimport) public: class sf::Vector2<float> const & __cdecl sf::RectangleShape::getSize(void)const " (__imp_?getSize@RectangleShape@sf@@QEBAAEBV?$Vector2@M@2@XZ)
Weapons.obj : error LNK2001: unresolved external symbol "__declspec(dllimport) public: void __cdecl sf::RenderTarget::draw(class sf::Drawable const &,class sf::RenderStates const &)" (__imp_?draw@RenderTarget@sf@@QEAAXAEBVDrawable@2@AEBVRenderStates@2@@Z)
Enemy.obj : error LNK2001: unresolved external symbol "__declspec(dllimport) public: void __cdecl sf::RenderTarget::draw(class sf::Drawable const &,class sf::RenderStates const &)" (__imp_?draw@RenderTarget@sf@@QEAAXAEBVDrawable@2@AEBVRenderStates@2@@Z)
EnemyManager.obj : error LNK2001: unresolved external symbol "__declspec(dllimport) public: void __cdecl sf::RenderTarget::draw(class sf::Drawable const &,class sf::RenderStates const &)" (__imp_?draw@RenderTarget@sf@@QEAAXAEBVDrawable@2@AEBVRenderStates@2@@Z)
Map.obj : error LNK2001: unresolved external symbol "__declspec(dllimport) public: void __cdecl sf::RenderTarget::draw(class sf::Drawable const &,class sf::RenderStates const &)" (__imp_?draw@RenderTarget@sf@@QEAAXAEBVDrawable@2@AEBVRenderStates@2@@Z)
Player.obj : error LNK2001: unresolved external symbol "__declspec(dllimport) public: void __cdecl sf::RenderTarget::draw(class sf::Drawable const &,class sf::RenderStates const &)" (__imp_?draw@RenderTarget@sf@@QEAAXAEBVDrawable@2@AEBVRenderStates@2@@Z)
Weapons.obj : error LNK2001: unresolved external symbol "__declspec(dllimport) public: __cdecl sf::Sprite::Sprite(void)" (__imp_??0Sprite@sf@@QEAA@XZ)
Enemy.obj : error LNK2001: unresolved external symbol "__declspec(dllimport) public: __cdecl sf::Sprite::Sprite(void)" (__imp_??0Sprite@sf@@QEAA@XZ)
EnemyManager.obj : error LNK2001: unresolved external symbol "__declspec(dllimport) public: __cdecl sf::Sprite::Sprite(void)" (__imp_??0Sprite@sf@@QEAA@XZ)
Map.obj : error LNK2001: unresolved external symbol "__declspec(dllimport) public: __cdecl sf::Sprite::Sprite(void)" (__imp_??0Sprite@sf@@QEAA@XZ)
Player.obj : error LNK2001: unresolved external symbol "__declspec(dllimport) public: __cdecl sf::Sprite::Sprite(void)" (__imp_??0Sprite@sf@@QEAA@XZ)
Player.obj : error LNK2001: unresolved external symbol "__declspec(dllimport) public: virtual __cdecl sf::Sprite::~Sprite(void)" (__imp_??1Sprite@sf@@UEAA@XZ)
Weapons.obj : error LNK2001: unresolved external symbol "__declspec(dllimport) public: virtual __cdecl sf::Sprite::~Sprite(void)" (__imp_??1Sprite@sf@@UEAA@XZ)
Enemy.obj : error LNK2001: unresolved external symbol "__declspec(dllimport) public: virtual __cdecl sf::Sprite::~Sprite(void)" (__imp_??1Sprite@sf@@UEAA@XZ)
EnemyManager.obj : error LNK2001: unresolved external symbol "__declspec(dllimport) public: virtual __cdecl sf::Sprite::~Sprite(void)" (__imp_??1Sprite@sf@@UEAA@XZ)
main.obj : error LNK2001: unresolved external symbol "__declspec(dllimport) public: virtual __cdecl sf::Sprite::~Sprite(void)" (__imp_??1Sprite@sf@@UEAA@XZ)
Map.obj : error LNK2001: unresolved external symbol "__declspec(dllimport) public: virtual __cdecl sf::Sprite::~Sprite(void)" (__imp_??1Sprite@sf@@UEAA@XZ)
Enemy.obj : error LNK2019: unresolved external symbol "__declspec(dllimport) public: class sf::Sprite & __cdecl sf::Sprite::operator=(class sf::Sprite const &)" (__imp_??4Sprite@sf@@QEAAAEAV01@AEBV01@@Z) referenced in function "public: __cdecl Enemy::Enemy(class sf::Vector2<float>,class sf::Vector2<float>,class sf::Sprite)" (??0Enemy@@QEAA@V?$Vector2@M@sf@@0VSprite@2@@Z)
EnemyManager.obj : error LNK2001: unresolved external symbol "__declspec(dllimport) public: class sf::Sprite & __cdecl sf::Sprite::operator=(class sf::Sprite const &)" (__imp_??4Sprite@sf@@QEAAAEAV01@AEBV01@@Z)
Player.obj : error LNK2001: unresolved external symbol "__declspec(dllimport) public: class sf::Sprite & __cdecl sf::Sprite::operator=(class sf::Sprite const &)" (__imp_??4Sprite@sf@@QEAAAEAV01@AEBV01@@Z)
Weapons.obj : error LNK2001: unresolved external symbol "__declspec(dllimport) public: class sf::Sprite & __cdecl sf::Sprite::operator=(class sf::Sprite const &)" (__imp_??4Sprite@sf@@QEAAAEAV01@AEBV01@@Z)
Weapons.obj : error LNK2001: unresolved external symbol "__declspec(dllimport) public: static class sf::RenderStates const sf::RenderStates::Default" (__imp_?Default@RenderStates@sf@@2V12@B)
Enemy.obj : error LNK2001: unresolved external symbol "__declspec(dllimport) public: static class sf::RenderStates const sf::RenderStates::Default" (__imp_?Default@RenderStates@sf@@2V12@B)
EnemyManager.obj : error LNK2001: unresolved external symbol "__declspec(dllimport) public: static class sf::RenderStates const sf::RenderStates::Default" (__imp_?Default@RenderStates@sf@@2V12@B)
Map.obj : error LNK2001: unresolved external symbol "__declspec(dllimport) public: static class sf::RenderStates const sf::RenderStates::Default" (__imp_?Default@RenderStates@sf@@2V12@B)
Player.obj : error LNK2001: unresolved external symbol "__declspec(dllimport) public: static class sf::RenderStates const sf::RenderStates::Default" (__imp_?Default@RenderStates@sf@@2V12@B)
EnemyManager.obj : error LNK2019: unresolved external symbol "__declspec(dllimport) public: void __cdecl sf::Transformable::setScale(float,float)" (__imp_?setScale@Transformable@sf@@QEAAXMM@Z) referenced in function "public: void __cdecl EnemyManager::animateWalk(float,class Enemy &)" (?animateWalk@EnemyManager@@QEAAXMAEAVEnemy@@@Z)
Player.obj : error LNK2001: unresolved external symbol "__declspec(dllimport) public: void __cdecl sf::Transformable::setScale(float,float)" (__imp_?setScale@Transformable@sf@@QEAAXMM@Z)
EnemyManager.obj : error LNK2019: unresolved external symbol "__declspec(dllimport) public: void __cdecl sf::Transformable::setScale(class sf::Vector2<float> const &)" (__imp_?setScale@Transformable@sf@@QEAAXAEBV?$Vector2@M@2@@Z) referenced in function "public: __cdecl EnemyManager::EnemyManager(class sf::Vector2<float>)" (??0EnemyManager@@QEAA@V?$Vector2@M@sf@@@Z)
Map.obj : error LNK2001: unresolved external symbol "__declspec(dllimport) public: void __cdecl sf::Transformable::setScale(class sf::Vector2<float> const &)" (__imp_?setScale@Transformable@sf@@QEAAXAEBV?$Vector2@M@2@@Z)
Player.obj : error LNK2001: unresolved external symbol "__declspec(dllimport) public: void __cdecl sf::Transformable::setScale(class sf::Vector2<float> const &)" (__imp_?setScale@Transformable@sf@@QEAAXAEBV?$Vector2@M@2@@Z)
Weapons.obj : error LNK2001: unresolved external symbol "__declspec(dllimport) public: void __cdecl sf::Transformable::setScale(class sf::Vector2<float> const &)" (__imp_?setScale@Transformable@sf@@QEAAXAEBV?$Vector2@M@2@@Z)
EnemyManager.obj : error LNK2019: unresolved external symbol "__declspec(dllimport) public: void __cdecl sf::Transformable::move(class sf::Vector2<float> const &)" (__imp_?move@Transformable@sf@@QEAAXAEBV?$Vector2@M@2@@Z) referenced in function "public: void __cdecl EnemyManager::moveEnemy(float,class sf::Vector2<float>,class Enemy &)" (?moveEnemy@EnemyManager@@QEAAXMV?$Vector2@M@sf@@AEAVEnemy@@@Z)
EnemyManager.obj : error LNK2019: unresolved external symbol "__declspec(dllimport) public: __cdecl sf::Texture::Texture(void)" (__imp_??0Texture@sf@@QEAA@XZ) referenced in function "public: __cdecl EnemyManager::EnemyManager(class sf::Vector2<float>)" (??0EnemyManager@@QEAA@V?$Vector2@M@sf@@@Z)
Map.obj : error LNK2001: unresolved external symbol "__declspec(dllimport) public: __cdecl sf::Texture::Texture(void)" (__imp_??0Texture@sf@@QEAA@XZ)
Player.obj : error LNK2001: unresolved external symbol "__declspec(dllimport) public: __cdecl sf::Texture::Texture(void)" (__imp_??0Texture@sf@@QEAA@XZ)
Weapons.obj : error LNK2001: unresolved external symbol "__declspec(dllimport) public: __cdecl sf::Texture::Texture(void)" (__imp_??0Texture@sf@@QEAA@XZ)
Weapons.obj : error LNK2001: unresolved external symbol "__declspec(dllimport) public: __cdecl sf::Texture::~Texture(void)" (__imp_??1Texture@sf@@QEAA@XZ)
EnemyManager.obj : error LNK2001: unresolved external symbol "__declspec(dllimport) public: __cdecl sf::Texture::~Texture(void)" (__imp_??1Texture@sf@@QEAA@XZ)
main.obj : error LNK2001: unresolved external symbol "__declspec(dllimport) public: __cdecl sf::Texture::~Texture(void)" (__imp_??1Texture@sf@@QEAA@XZ)
Map.obj : error LNK2001: unresolved external symbol "__declspec(dllimport) public: __cdecl sf::Texture::~Texture(void)" (__imp_??1Texture@sf@@QEAA@XZ)
Player.obj : error LNK2001: unresolved external symbol "__declspec(dllimport) public: __cdecl sf::Texture::~Texture(void)" (__imp_??1Texture@sf@@QEAA@XZ)
EnemyManager.obj : error LNK2019: unresolved external symbol "__declspec(dllimport) public: bool __cdecl sf::Texture::loadFromFile(class std::basic_string<char,struct std::char_traits<char>,class std::allocator<char> > const &,class sf::Rect<int> const &)" (__imp_?loadFromFile@Texture@sf@@QEAA_NAEBV?$basic_string@DU?$char_traits@D@std@@V?$allocator@D@2@@std@@AEBV?$Rect@H@2@@Z) referenced in function "public: __cdecl EnemyManager::EnemyManager(class sf::Vector2<float>)" (??0EnemyManager@@QEAA@V?$Vector2@M@sf@@@Z)
Map.obj : error LNK2001: unresolved external symbol "__declspec(dllimport) public: bool __cdecl sf::Texture::loadFromFile(class std::basic_string<char,struct std::char_traits<char>,class std::allocator<char> > const &,class sf::Rect<int> const &)" (__imp_?loadFromFile@Texture@sf@@QEAA_NAEBV?$basic_string@DU?$char_traits@D@std@@V?$allocator@D@2@@std@@AEBV?$Rect@H@2@@Z)
Player.obj : error LNK2001: unresolved external symbol "__declspec(dllimport) public: bool __cdecl sf::Texture::loadFromFile(class std::basic_string<char,struct std::char_traits<char>,class std::allocator<char> > const &,class sf::Rect<int> const &)" (__imp_?loadFromFile@Texture@sf@@QEAA_NAEBV?$basic_string@DU?$char_traits@D@std@@V?$allocator@D@2@@std@@AEBV?$Rect@H@2@@Z)
Weapons.obj : error LNK2001: unresolved external symbol "__declspec(dllimport) public: bool __cdecl sf::Texture::loadFromFile(class std::basic_string<char,struct std::char_traits<char>,class std::allocator<char> > const &,class sf::Rect<int> const &)" (__imp_?loadFromFile@Texture@sf@@QEAA_NAEBV?$basic_string@DU?$char_traits@D@std@@V?$allocator@D@2@@std@@AEBV?$Rect@H@2@@Z)
EnemyManager.obj : error LNK2019: unresolved external symbol "__declspec(dllimport) public: __cdecl sf::RectangleShape::RectangleShape(class sf::RectangleShape const &)" (__imp_??0RectangleShape@sf@@QEAA@AEBV01@@Z) referenced in function "public: __cdecl Entity::Entity(class Entity const &)" (??0Entity@@QEAA@AEBV0@@Z)
Weapons.obj : error LNK2001: unresolved external symbol "__declspec(dllimport) public: __cdecl sf::RectangleShape::RectangleShape(class sf::RectangleShape const &)" (__imp_??0RectangleShape@sf@@QEAA@AEBV01@@Z)
EnemyManager.obj : error LNK2019: unresolved external symbol "__declspec(dllimport) public: class sf::Vector2<float> const & __cdecl sf::View::getSize(void)const " (__imp_?getSize@View@sf@@QEBAAEBV?$Vector2@M@2@XZ) referenced in function "public: bool __cdecl EnemyManager::ifOutsizeView(class Bullet,class Camera)" (?ifOutsizeView@EnemyManager@@QEAA_NVBullet@@VCamera@@@Z)
Map.obj : error LNK2001: unresolved external symbol "__declspec(dllimport) public: class sf::Vector2<float> const & __cdecl sf::View::getSize(void)const " (__imp_?getSize@View@sf@@QEBAAEBV?$Vector2@M@2@XZ)
Weapons.obj : error LNK2001: unresolved external symbol "__declspec(dllimport) public: class sf::Vector2<float> const & __cdecl sf::View::getSize(void)const " (__imp_?getSize@View@sf@@QEBAAEBV?$Vector2@M@2@XZ)
EnemyManager.obj : error LNK2019: unresolved external symbol "__declspec(dllimport) public: void __cdecl sf::Sprite::setTexture(class sf::Texture const &,bool)" (__imp_?setTexture@Sprite@sf@@QEAAXAEBVTexture@2@_N@Z) referenced in function "public: __cdecl EnemyManager::EnemyManager(class sf::Vector2<float>)" (??0EnemyManager@@QEAA@V?$Vector2@M@sf@@@Z)
Map.obj : error LNK2001: unresolved external symbol "__declspec(dllimport) public: void __cdecl sf::Sprite::setTexture(class sf::Texture const &,bool)" (__imp_?setTexture@Sprite@sf@@QEAAXAEBVTexture@2@_N@Z)
Player.obj : error LNK2001: unresolved external symbol "__declspec(dllimport) public: void __cdecl sf::Sprite::setTexture(class sf::Texture const &,bool)" (__imp_?setTexture@Sprite@sf@@QEAAXAEBVTexture@2@_N@Z)
Weapons.obj : error LNK2001: unresolved external symbol "__declspec(dllimport) public: void __cdecl sf::Sprite::setTexture(class sf::Texture const &,bool)" (__imp_?setTexture@Sprite@sf@@QEAAXAEBVTexture@2@_N@Z)
EnemyManager.obj : error LNK2019: unresolved external symbol "__declspec(dllimport) public: void __cdecl sf::Sprite::setTextureRect(class sf::Rect<int> const &)" (__imp_?setTextureRect@Sprite@sf@@QEAAXAEBV?$Rect@H@2@@Z) referenced in function "public: __cdecl EnemyManager::EnemyManager(class sf::Vector2<float>)" (??0EnemyManager@@QEAA@V?$Vector2@M@sf@@@Z)
Player.obj : error LNK2001: unresolved external symbol "__declspec(dllimport) public: void __cdecl sf::Sprite::setTextureRect(class sf::Rect<int> const &)" (__imp_?setTextureRect@Sprite@sf@@QEAAXAEBV?$Rect@H@2@@Z)
EnemyManager.obj : error LNK2019: unresolved external symbol "__declspec(dllimport) public: __cdecl sf::Sprite::Sprite(class sf::Sprite const &)" (__imp_??0Sprite@sf@@QEAA@AEBV01@@Z) referenced in function "public: __cdecl Enemy::Enemy(class Enemy const &)" (??0Enemy@@QEAA@AEBV0@@Z)
Map.obj : error LNK2001: unresolved external symbol "__declspec(dllimport) public: __cdecl sf::Sprite::Sprite(class sf::Sprite const &)" (__imp_??0Sprite@sf@@QEAA@AEBV01@@Z)
main.obj : error LNK2019: unresolved external symbol "__declspec(dllimport) public: __cdecl sf::Time::Time(void)" (__imp_??0Time@sf@@QEAA@XZ) referenced in function main
main.obj : error LNK2019: unresolved external symbol "__declspec(dllimport) public: float __cdecl sf::Time::asSeconds(void)const " (__imp_?asSeconds@Time@sf@@QEBAMXZ) referenced in function main
main.obj : error LNK2019: unresolved external symbol "__declspec(dllimport) public: __cdecl sf::Clock::Clock(void)" (__imp_??0Clock@sf@@QEAA@XZ) referenced in function main
main.obj : error LNK2019: unresolved external symbol "__declspec(dllimport) public: class sf::Time __cdecl sf::Clock::restart(void)" (__imp_?restart@Clock@sf@@QEAA?AVTime@2@XZ) referenced in function main
main.obj : error LNK2019: unresolved external symbol "__declspec(dllimport) public: __cdecl sf::String::String(char const *,class std::locale const &)" (__imp_??0String@sf@@QEAA@PEBDAEBVlocale@std@@@Z) referenced in function main
main.obj : error LNK2019: unresolved external symbol "__declspec(dllimport) public: __cdecl sf::String::~String(void)" (__imp_??1String@sf@@QEAA@XZ) referenced in function main
main.obj : error LNK2019: unresolved external symbol "__declspec(dllimport) public: static class sf::Vector2<int> __cdecl sf::Mouse::getPosition(class sf::Window const &)" (__imp_?getPosition@Mouse@sf@@SA?AV?$Vector2@H@2@AEBVWindow@2@@Z) referenced in function main
main.obj : error LNK2019: unresolved external symbol "__declspec(dllimport) public: __cdecl sf::VideoMode::VideoMode(unsigned int,unsigned int,unsigned int)" (__imp_??0VideoMode@sf@@QEAA@III@Z) referenced in function main
main.obj : error LNK2019: unresolved external symbol "__declspec(dllimport) public: void __cdecl sf::Window::close(void)" (__imp_?close@Window@sf@@QEAAXXZ) referenced in function main
main.obj : error LNK2019: unresolved external symbol "__declspec(dllimport) public: bool __cdecl sf::Window::isOpen(void)const " (__imp_?isOpen@Window@sf@@QEBA_NXZ) referenced in function main
main.obj : error LNK2019: unresolved external symbol "__declspec(dllimport) public: bool __cdecl sf::Window::pollEvent(class sf::Event &)" (__imp_?pollEvent@Window@sf@@QEAA_NAEAVEvent@2@@Z) referenced in function main
main.obj : error LNK2019: unresolved external symbol "__declspec(dllimport) public: void __cdecl sf::Window::setFramerateLimit(unsigned int)" (__imp_?setFramerateLimit@Window@sf@@QEAAXI@Z) referenced in function main
main.obj : error LNK2019: unresolved external symbol "__declspec(dllimport) public: void __cdecl sf::Window::display(void)" (__imp_?display@Window@sf@@QEAAXXZ) referenced in function main
main.obj : error LNK2019: unresolved external symbol "__declspec(dllimport) public: void __cdecl sf::RenderTarget::clear(class sf::Color const &)" (__imp_?clear@RenderTarget@sf@@QEAAXAEBVColor@2@@Z) referenced in function main
main.obj : error LNK2019: unresolved external symbol "__declspec(dllimport) public: class sf::Vector2<float> __cdecl sf::RenderTarget::mapPixelToCoords(class sf::Vector2<int> const &)const " (__imp_?mapPixelToCoords@RenderTarget@sf@@QEBA?AV?$Vector2@M@2@AEBV?$Vector2@H@2@@Z) referenced in function main
main.obj : error LNK2019: unresolved external symbol "__declspec(dllimport) public: __cdecl sf::RenderWindow::RenderWindow(class sf::VideoMode,class sf::String const &,unsigned int,struct sf::ContextSettings const &)" (__imp_??0RenderWindow@sf@@QEAA@VVideoMode@1@AEBVString@1@IAEBUContextSettings@1@@Z) referenced in function main
main.obj : error LNK2019: unresolved external symbol "__declspec(dllimport) public: virtual __cdecl sf::RenderWindow::~RenderWindow(void)" (__imp_??1RenderWindow@sf@@UEAA@XZ) referenced in function main
Map.obj : error LNK2019: unresolved external symbol "__declspec(dllimport) public: __cdecl sf::Color::Color(unsigned char,unsigned char,unsigned char,unsigned char)" (__imp_??0Color@sf@@QEAA@EEEE@Z) referenced in function "public: __cdecl Map::Map(class sf::Vector2<float>)" (??0Map@@QEAA@V?$Vector2@M@sf@@@Z)
Map.obj : error LNK2019: unresolved external symbol "__declspec(dllimport) public: void __cdecl sf::Sprite::setColor(class sf::Color const &)" (__imp_?setColor@Sprite@sf@@QEAAXAEBVColor@2@@Z) referenced in function "public: __cdecl Map::Map(class sf::Vector2<float>)" (??0Map@@QEAA@V?$Vector2@M@sf@@@Z)
Player.obj : error LNK2001: unresolved external symbol "__declspec(dllimport) public: void __cdecl sf::Sprite::setColor(class sf::Color const &)" (__imp_?setColor@Sprite@sf@@QEAAXAEBVColor@2@@Z)
Map.obj : error LNK2001: unresolved external symbol "private: virtual void __cdecl sf::Sprite::draw(class sf::RenderTarget &,class sf::RenderStates)const " (?draw@Sprite@sf@@EEBAXAEAVRenderTarget@2@VRenderStates@2@@Z)
Player.obj : error LNK2019: unresolved external symbol "__declspec(dllimport) public: static bool __cdecl sf::Keyboard::isKeyPressed(enum sf::Keyboard::Key)" (__imp_?isKeyPressed@Keyboard@sf@@SA_NW4Key@12@@Z) referenced in function "public: void __cdecl Player::update(float,bool,class sf::Vector2<float>,class std::list<class Bullet,class std::allocator<class Bullet> > &,class Weapons &)" (?update@Player@@QEAAXM_NV?$Vector2@M@sf@@AEAV?$list@VBullet@@V?$allocator@VBullet@@@std@@@std@@AEAVWeapons@@@Z)
Player.obj : error LNK2019: unresolved external symbol "__declspec(dllimport) public: void __cdecl sf::Transformable::setRotation(float)" (__imp_?setRotation@Transformable@sf@@QEAAXM@Z) referenced in function "public: void __cdecl Player::update(float,bool,class sf::Vector2<float>,class std::list<class Bullet,class std::allocator<class Bullet> > &,class Weapons &)" (?update@Player@@QEAAXM_NV?$Vector2@M@sf@@AEAV?$list@VBullet@@V?$allocator@VBullet@@@std@@@std@@AEAVWeapons@@@Z)
Weapons.obj : error LNK2019: unresolved external symbol "__declspec(dllimport) public: class sf::Rect<float> __cdecl sf::Sprite::getGlobalBounds(void)const " (__imp_?getGlobalBounds@Sprite@sf@@QEBA?AV?$Rect@M@2@XZ) referenced in function "public: __cdecl Weapons::Weapons(class sf::Vector2<float>)" (??0Weapons@@QEAA@V?$Vector2@M@sf@@@Z)
C:\SFML-2.5.1\lib\sfml-graphics-d.lib : warning LNK4272: library machine type 'x86' conflicts with target machine type 'x64'
C:\SFML-2.5.1\lib\sfml-window-d.lib : warning LNK4272: library machine type 'x86' conflicts with target machine type 'x64'
C:\SFML-2.5.1\lib\sfml-system-d.lib : warning LNK4272: library machine type 'x86' conflicts with target machine type 'x64'
C:\SFML-2.5.1\lib\sfml-audio-d.lib : warning LNK4272: library machine type 'x86' conflicts with target machine type 'x64'
C:\Users\arkad\Documents\DEADSHOT FILES\C++ Programs\SFML\TESTS\Iosmetric_Shooting\x64\Debug\Iosmetric_Shooting.exe : fatal error LNK1120: 58 unresolved externals
